2021-05-20-16:03:22.361 INFO [http-nio-8080-exec-4]-com.qfedu.fmmall.controller.UserController:38>>eyJhbGciOiJIUzI1NiJ9.eyJrZXkxIjoidmFsdWUxIiwia2V5MiI6InZhbHVlMiIsImV4cCI6MTYyMTU4NDIwMn0.48tU2qOdy-yXwg2I8uZaPaGUf8vZFlaXSes3cfrXMpo
2021-05-20-16:05:11.266 INFO [SpringContextShutdownHook]-org.quartz.core.QuartzScheduler:585>>Scheduler quartzScheduler_$_NON_CLUSTERED paused.
2021-05-20-16:05:11.804 INFO [SpringContextShutdownHook]-org.springframework.scheduling.concurrent.ExecutorConfigurationSupport:218>>Shutting down ExecutorService 'taskScheduler'
2021-05-20-16:05:11.805 INFO [SpringContextShutdownHook]-org.springframework.scheduling.quartz.SchedulerFactoryBean:845>>Shutting down Quartz Scheduler
2021-05-20-16:05:11.808 INFO [SpringContextShutdownHook]-org.quartz.core.QuartzScheduler:666>>Scheduler quartzScheduler_$_NON_CLUSTERED shutting down.
2021-05-20-16:05:11.808 INFO [SpringContextShutdownHook]-org.quartz.core.QuartzScheduler:585>>Scheduler quartzScheduler_$_NON_CLUSTERED paused.
2021-05-20-16:05:11.808 INFO [SpringContextShutdownHook]-org.quartz.core.QuartzScheduler:740>>Scheduler quartzScheduler_$_NON_CLUSTERED shutdown complete.
2021-05-20-16:05:11.809 INFO [SpringContextShutdownHook]-org.springframework.scheduling.concurrent.ExecutorConfigurationSupport:218>>Shutting down ExecutorService 'applicationTaskExecutor'
2021-05-20-16:05:11.935 INFO [SpringContextShutdownHook]-com.alibaba.druid.pool.DruidDataSource:2029>>{dataSource-1} closing ...
2021-05-20-16:05:11.940 INFO [SpringContextShutdownHook]-com.alibaba.druid.pool.DruidDataSource:2101>>{dataSource-1} closed
2021-05-20-16:05:16.425 INFO [main]-org.springframework.boot.StartupInfoLogger:55>>Starting ApiApplication using Java 1.8.0 on LAPTOP-O3K4MK34 with PID 12580 (E:\Java2010\workspace\part4\fmmall\api\target\classes started by THEO in E:\Java2010\workspace\part4\fmmall)
2021-05-20-16:05:16.430 INFO [main]-org.springframework.boot.SpringApplication:662>>No active profile set, falling back to default profiles: default
2021-05-20-16:05:17.686 INFO [main]-org.springframework.data.repository.config.RepositoryConfigurationDelegate:250>>Multiple Spring Data modules found, entering strict repository configuration mode!
2021-05-20-16:05:17.688 INFO [main]-org.springframework.data.repository.config.RepositoryConfigurationDelegate:128>>Bootstrapping Spring Data Redis repositories in DEFAULT mode.
2021-05-20-16:05:17.739 INFO [main]-org.springframework.data.repository.config.RepositoryConfigurationDelegate:188>>Finished Spring Data repository scanning in 38 ms. Found 0 Redis repository interfaces.
2021-05-20-16:05:17.877 WARN [main]-org.mybatis.logging.Logger:44>>No MyBatis mapper was found in '[com.qfedu.fmmall]' package. Please check your configuration.
2021-05-20-16:05:18.451 INFO [main]-org.springframework.boot.web.embedded.tomcat.TomcatWebServer:108>>Tomcat initialized with port(s): 8080 (http)
2021-05-20-16:05:18.463 INFO [main]-org.apache.juli.logging.DirectJDKLog:173>>Initializing ProtocolHandler ["http-nio-8080"]
2021-05-20-16:05:18.464 INFO [main]-org.apache.juli.logging.DirectJDKLog:173>>Starting service [Tomcat]
2021-05-20-16:05:18.464 INFO [main]-org.apache.juli.logging.DirectJDKLog:173>>Starting Servlet engine: [Apache Tomcat/9.0.44]
2021-05-20-16:05:18.602 INFO [main]-org.apache.juli.logging.DirectJDKLog:173>>Initializing Spring embedded WebApplicationContext
2021-05-20-16:05:18.603 INFO [main]-org.springframework.boot.web.servlet.context.ServletWebServerApplicationContext:289>>Root WebApplicationContext: initialization completed in 2083 ms
2021-05-20-16:05:18.698 INFO [main]-com.alibaba.druid.spring.boot.autoconfigure.DruidDataSourceAutoConfigure:56>>Init DruidDataSource
2021-05-20-16:05:18.826 INFO [main]-com.alibaba.druid.pool.DruidDataSource:994>>{dataSource-1} inited
2021-05-20-16:05:20.798 INFO [main]-springfox.documentation.spring.web.PropertySourcedRequestMappingHandlerMapping:69>>Mapped URL path [/v2/api-docs] onto method [springfox.documentation.swagger2.web.Swagger2Controller#getDocumentation(String, HttpServletRequest)]
2021-05-20-16:05:20.890 INFO [main]-org.springframework.scheduling.concurrent.ExecutorConfigurationSupport:181>>Initializing ExecutorService 'applicationTaskExecutor'
2021-05-20-16:05:21.021 INFO [main]-tk.mybatis.mapper.autoconfigure.MapperCacheDisabler:60>>Clear tk.mybatis.mapper.util.MsUtil CLASS_CACHE cache.
2021-05-20-16:05:21.022 INFO [main]-tk.mybatis.mapper.autoconfigure.MapperCacheDisabler:60>>Clear tk.mybatis.mapper.genid.GenIdUtil CACHE cache.
2021-05-20-16:05:21.023 INFO [main]-tk.mybatis.mapper.autoconfigure.MapperCacheDisabler:60>>Clear tk.mybatis.mapper.version.VersionUtil CACHE cache.
2021-05-20-16:05:21.023 INFO [main]-tk.mybatis.mapper.autoconfigure.MapperCacheDisabler:83>>Clear EntityHelper entityTableMap cache.
2021-05-20-16:05:21.155 INFO [main]-org.quartz.impl.StdSchedulerFactory:1220>>Using default implementation for ThreadExecutor
2021-05-20-16:05:21.165 INFO [main]-org.quartz.core.SchedulerSignalerImpl:61>>Initialized Scheduler Signaller of type: class org.quartz.core.SchedulerSignalerImpl
2021-05-20-16:05:21.165 INFO [main]-org.quartz.core.QuartzScheduler:229>>Quartz Scheduler v.2.3.2 created.
2021-05-20-16:05:21.166 INFO [main]-org.quartz.simpl.RAMJobStore:155>>RAMJobStore initialized.
2021-05-20-16:05:21.166 INFO [main]-org.quartz.core.QuartzScheduler:294>>Scheduler meta-data: Quartz Scheduler (v2.3.2) 'quartzScheduler' with instanceId 'NON_CLUSTERED'
  Scheduler class: 'org.quartz.core.QuartzScheduler' - running locally.
  NOT STARTED.
  Currently in standby mode.
  Number of jobs executed: 0
  Using thread pool 'org.quartz.simpl.SimpleThreadPool' - with 10 threads.
  Using job-store 'org.quartz.simpl.RAMJobStore' - which does not support persistence. and is not clustered.

2021-05-20-16:05:21.166 INFO [main]-org.quartz.impl.StdSchedulerFactory:1374>>Quartz scheduler 'quartzScheduler' initialized from an externally provided properties instance.
2021-05-20-16:05:21.167 INFO [main]-org.quartz.impl.StdSchedulerFactory:1378>>Quartz scheduler version: 2.3.2
2021-05-20-16:05:21.167 INFO [main]-org.quartz.core.QuartzScheduler:2293>>JobFactory set to: org.springframework.scheduling.quartz.SpringBeanJobFactory@5cdda548
2021-05-20-16:05:21.172 INFO [main]-org.springframework.scheduling.concurrent.ExecutorConfigurationSupport:181>>Initializing ExecutorService 'taskScheduler'
2021-05-20-16:05:21.222 INFO [main]-org.apache.juli.logging.DirectJDKLog:173>>Starting ProtocolHandler ["http-nio-8080"]
2021-05-20-16:05:21.244 INFO [main]-org.springframework.boot.web.embedded.tomcat.TomcatWebServer:220>>Tomcat started on port(s): 8080 (http) with context path ''
2021-05-20-16:05:21.246 INFO [main]-springfox.documentation.spring.web.plugins.DocumentationPluginsBootstrapper:160>>Context refreshed
2021-05-20-16:05:21.263 INFO [main]-springfox.documentation.spring.web.plugins.DocumentationPluginsBootstrapper:163>>Found 1 custom documentation plugin(s)
2021-05-20-16:05:21.298 INFO [main]-springfox.documentation.spring.web.scanners.ApiListingReferenceScanner:41>>Scanning for api listing references
2021-05-20-16:05:21.479 INFO [main]-springfox.documentation.spring.web.readers.operation.CachingOperationNameGenerator:40>>Generating unique operation named: listUsingGET_1
2021-05-20-16:05:21.499 INFO [main]-org.springframework.scheduling.quartz.SchedulerFactoryBean:727>>Starting Quartz Scheduler now
2021-05-20-16:05:21.499 INFO [main]-org.quartz.core.QuartzScheduler:547>>Scheduler quartzScheduler_$_NON_CLUSTERED started.
2021-05-20-16:05:21.511 INFO [main]-org.springframework.boot.StartupInfoLogger:61>>Started ApiApplication in 5.773 seconds (JVM running for 6.555)
2021-05-20-16:05:50.127 INFO [http-nio-8080-exec-1]-org.apache.juli.logging.DirectJDKLog:173>>Initializing Spring DispatcherServlet 'dispatcherServlet'
2021-05-20-16:05:50.127 INFO [http-nio-8080-exec-1]-org.springframework.web.servlet.FrameworkServlet:525>>Initializing Servlet 'dispatcherServlet'
2021-05-20-16:05:50.128 INFO [http-nio-8080-exec-1]-org.springframework.web.servlet.FrameworkServlet:547>>Completed initialization in 1 ms
2021-05-20-16:05:51.832 INFO [http-nio-8080-exec-1]-com.qfedu.fmmall.controller.UserController:38>>eyJhbGciOiJIUzI1NiJ9.eyJrZXkxIjoidmFsdWUxIiwia2V5MiI6InZhbHVlMiIsImV4cCI6MTYyMTU4NDM1MH0.ShpU777HxdaFsvIJSoJy81EubgUwN-Y0RfWrkhH4PGg
2021-05-20-16:22:14.485 INFO [SpringContextShutdownHook]-org.quartz.core.QuartzScheduler:585>>Scheduler quartzScheduler_$_NON_CLUSTERED paused.
2021-05-20-16:22:15.012 INFO [SpringContextShutdownHook]-org.springframework.scheduling.concurrent.ExecutorConfigurationSupport:218>>Shutting down ExecutorService 'taskScheduler'
2021-05-20-16:22:15.012 INFO [SpringContextShutdownHook]-org.springframework.scheduling.quartz.SchedulerFactoryBean:845>>Shutting down Quartz Scheduler
2021-05-20-16:22:15.013 INFO [SpringContextShutdownHook]-org.quartz.core.QuartzScheduler:666>>Scheduler quartzScheduler_$_NON_CLUSTERED shutting down.
2021-05-20-16:22:15.013 INFO [SpringContextShutdownHook]-org.quartz.core.QuartzScheduler:585>>Scheduler quartzScheduler_$_NON_CLUSTERED paused.
2021-05-20-16:22:15.013 INFO [SpringContextShutdownHook]-org.quartz.core.QuartzScheduler:740>>Scheduler quartzScheduler_$_NON_CLUSTERED shutdown complete.
2021-05-20-16:22:15.014 INFO [SpringContextShutdownHook]-org.springframework.scheduling.concurrent.ExecutorConfigurationSupport:218>>Shutting down ExecutorService 'applicationTaskExecutor'
2021-05-20-16:22:15.142 INFO [SpringContextShutdownHook]-com.alibaba.druid.pool.DruidDataSource:2029>>{dataSource-1} closing ...
2021-05-20-16:22:15.148 INFO [SpringContextShutdownHook]-com.alibaba.druid.pool.DruidDataSource:2101>>{dataSource-1} closed
2021-05-20-16:22:19.347 INFO [main]-org.springframework.boot.StartupInfoLogger:55>>Starting ApiApplication using Java 1.8.0 on LAPTOP-O3K4MK34 with PID 1708 (E:\Java2010\workspace\part4\fmmall\api\target\classes started by THEO in E:\Java2010\workspace\part4\fmmall)
2021-05-20-16:22:19.352 INFO [main]-org.springframework.boot.SpringApplication:662>>No active profile set, falling back to default profiles: default
2021-05-20-16:22:20.673 INFO [main]-org.springframework.data.repository.config.RepositoryConfigurationDelegate:250>>Multiple Spring Data modules found, entering strict repository configuration mode!
2021-05-20-16:22:20.675 INFO [main]-org.springframework.data.repository.config.RepositoryConfigurationDelegate:128>>Bootstrapping Spring Data Redis repositories in DEFAULT mode.
2021-05-20-16:22:20.724 INFO [main]-org.springframework.data.repository.config.RepositoryConfigurationDelegate:188>>Finished Spring Data repository scanning in 35 ms. Found 0 Redis repository interfaces.
2021-05-20-16:22:20.869 WARN [main]-org.mybatis.logging.Logger:44>>No MyBatis mapper was found in '[com.qfedu.fmmall]' package. Please check your configuration.
2021-05-20-16:22:21.366 INFO [main]-org.springframework.boot.web.embedded.tomcat.TomcatWebServer:108>>Tomcat initialized with port(s): 8080 (http)
2021-05-20-16:22:21.378 INFO [main]-org.apache.juli.logging.DirectJDKLog:173>>Initializing ProtocolHandler ["http-nio-8080"]
2021-05-20-16:22:21.378 INFO [main]-org.apache.juli.logging.DirectJDKLog:173>>Starting service [Tomcat]
2021-05-20-16:22:21.379 INFO [main]-org.apache.juli.logging.DirectJDKLog:173>>Starting Servlet engine: [Apache Tomcat/9.0.44]
2021-05-20-16:22:21.617 INFO [main]-org.apache.juli.logging.DirectJDKLog:173>>Initializing Spring embedded WebApplicationContext
2021-05-20-16:22:21.617 INFO [main]-org.springframework.boot.web.servlet.context.ServletWebServerApplicationContext:289>>Root WebApplicationContext: initialization completed in 2169 ms
2021-05-20-16:22:22.465 INFO [main]-com.alibaba.druid.spring.boot.autoconfigure.DruidDataSourceAutoConfigure:56>>Init DruidDataSource
2021-05-20-16:22:22.591 INFO [main]-com.alibaba.druid.pool.DruidDataSource:994>>{dataSource-1} inited
2021-05-20-16:22:23.812 INFO [main]-springfox.documentation.spring.web.PropertySourcedRequestMappingHandlerMapping:69>>Mapped URL path [/v2/api-docs] onto method [springfox.documentation.swagger2.web.Swagger2Controller#getDocumentation(String, HttpServletRequest)]
2021-05-20-16:22:23.906 INFO [main]-org.springframework.scheduling.concurrent.ExecutorConfigurationSupport:181>>Initializing ExecutorService 'applicationTaskExecutor'
2021-05-20-16:22:24.055 INFO [main]-tk.mybatis.mapper.autoconfigure.MapperCacheDisabler:60>>Clear tk.mybatis.mapper.util.MsUtil CLASS_CACHE cache.
2021-05-20-16:22:24.056 INFO [main]-tk.mybatis.mapper.autoconfigure.MapperCacheDisabler:60>>Clear tk.mybatis.mapper.genid.GenIdUtil CACHE cache.
2021-05-20-16:22:24.056 INFO [main]-tk.mybatis.mapper.autoconfigure.MapperCacheDisabler:60>>Clear tk.mybatis.mapper.version.VersionUtil CACHE cache.
2021-05-20-16:22:24.057 INFO [main]-tk.mybatis.mapper.autoconfigure.MapperCacheDisabler:83>>Clear EntityHelper entityTableMap cache.
2021-05-20-16:22:24.188 INFO [main]-org.quartz.impl.StdSchedulerFactory:1220>>Using default implementation for ThreadExecutor
2021-05-20-16:22:24.199 INFO [main]-org.quartz.core.SchedulerSignalerImpl:61>>Initialized Scheduler Signaller of type: class org.quartz.core.SchedulerSignalerImpl
2021-05-20-16:22:24.200 INFO [main]-org.quartz.core.QuartzScheduler:229>>Quartz Scheduler v.2.3.2 created.
2021-05-20-16:22:24.201 INFO [main]-org.quartz.simpl.RAMJobStore:155>>RAMJobStore initialized.
2021-05-20-16:22:24.201 INFO [main]-org.quartz.core.QuartzScheduler:294>>Scheduler meta-data: Quartz Scheduler (v2.3.2) 'quartzScheduler' with instanceId 'NON_CLUSTERED'
  Scheduler class: 'org.quartz.core.QuartzScheduler' - running locally.
  NOT STARTED.
  Currently in standby mode.
  Number of jobs executed: 0
  Using thread pool 'org.quartz.simpl.SimpleThreadPool' - with 10 threads.
  Using job-store 'org.quartz.simpl.RAMJobStore' - which does not support persistence. and is not clustered.

2021-05-20-16:22:24.201 INFO [main]-org.quartz.impl.StdSchedulerFactory:1374>>Quartz scheduler 'quartzScheduler' initialized from an externally provided properties instance.
2021-05-20-16:22:24.201 INFO [main]-org.quartz.impl.StdSchedulerFactory:1378>>Quartz scheduler version: 2.3.2
2021-05-20-16:22:24.202 INFO [main]-org.quartz.core.QuartzScheduler:2293>>JobFactory set to: org.springframework.scheduling.quartz.SpringBeanJobFactory@67593f7b
2021-05-20-16:22:24.207 INFO [main]-org.springframework.scheduling.concurrent.ExecutorConfigurationSupport:181>>Initializing ExecutorService 'taskScheduler'
2021-05-20-16:22:24.256 INFO [main]-org.apache.juli.logging.DirectJDKLog:173>>Starting ProtocolHandler ["http-nio-8080"]
2021-05-20-16:22:24.277 INFO [main]-org.springframework.boot.web.embedded.tomcat.TomcatWebServer:220>>Tomcat started on port(s): 8080 (http) with context path ''
2021-05-20-16:22:24.279 INFO [main]-springfox.documentation.spring.web.plugins.DocumentationPluginsBootstrapper:160>>Context refreshed
2021-05-20-16:22:24.295 INFO [main]-springfox.documentation.spring.web.plugins.DocumentationPluginsBootstrapper:163>>Found 1 custom documentation plugin(s)
2021-05-20-16:22:24.327 INFO [main]-springfox.documentation.spring.web.scanners.ApiListingReferenceScanner:41>>Scanning for api listing references
2021-05-20-16:22:24.497 INFO [main]-springfox.documentation.spring.web.readers.operation.CachingOperationNameGenerator:40>>Generating unique operation named: listUsingGET_1
2021-05-20-16:22:24.516 INFO [main]-org.springframework.scheduling.quartz.SchedulerFactoryBean:727>>Starting Quartz Scheduler now
2021-05-20-16:22:24.516 INFO [main]-org.quartz.core.QuartzScheduler:547>>Scheduler quartzScheduler_$_NON_CLUSTERED started.
2021-05-20-16:22:24.678 INFO [main]-org.springframework.boot.StartupInfoLogger:61>>Started ApiApplication in 6.075 seconds (JVM running for 6.836)
2021-05-20-16:23:48.228 INFO [http-nio-8080-exec-3]-org.apache.juli.logging.DirectJDKLog:173>>Initializing Spring DispatcherServlet 'dispatcherServlet'
2021-05-20-16:23:48.229 INFO [http-nio-8080-exec-3]-org.springframework.web.servlet.FrameworkServlet:525>>Initializing Servlet 'dispatcherServlet'
2021-05-20-16:23:48.230 INFO [http-nio-8080-exec-3]-org.springframework.web.servlet.FrameworkServlet:547>>Completed initialization in 1 ms
2021-05-20-16:26:36.690 INFO [http-nio-8080-exec-9]-com.qfedu.fmmall.controller.UserController:38>>eyJhbGciOiJIUzI1NiJ9.eyJrZXkxIjoidmFsdWUxIiwia2V5MiI6InZhbHVlMiIsImV4cCI6MTYyMTU4NTU5Nn0.JE74oTGTQY-fvTPcoLIMjizK64cfsANG5BRqWdF6uaM
2021-05-20-16:28:34.618 INFO [http-nio-8080-exec-5]-com.qfedu.fmmall.controller.UserController:38>>eyJhbGciOiJIUzI1NiJ9.eyJrZXkxIjoidmFsdWUxIiwia2V5MiI6InZhbHVlMiIsImV4cCI6MTYyMTU4NTcxNH0.XxGuWkgPkU9dNRqgWsVOsoXaaYSWGAoQ_d0JSaFvoVs
2021-05-20-16:29:23.428 INFO [SpringContextShutdownHook]-org.quartz.core.QuartzScheduler:585>>Scheduler quartzScheduler_$_NON_CLUSTERED paused.
2021-05-20-16:29:24.844 INFO [SpringContextShutdownHook]-org.springframework.scheduling.concurrent.ExecutorConfigurationSupport:218>>Shutting down ExecutorService 'taskScheduler'
2021-05-20-16:29:24.844 INFO [SpringContextShutdownHook]-org.springframework.scheduling.quartz.SchedulerFactoryBean:845>>Shutting down Quartz Scheduler
2021-05-20-16:29:24.844 INFO [SpringContextShutdownHook]-org.quartz.core.QuartzScheduler:666>>Scheduler quartzScheduler_$_NON_CLUSTERED shutting down.
2021-05-20-16:29:24.844 INFO [SpringContextShutdownHook]-org.quartz.core.QuartzScheduler:585>>Scheduler quartzScheduler_$_NON_CLUSTERED paused.
2021-05-20-16:29:24.845 INFO [SpringContextShutdownHook]-org.quartz.core.QuartzScheduler:740>>Scheduler quartzScheduler_$_NON_CLUSTERED shutdown complete.
2021-05-20-16:29:24.846 INFO [SpringContextShutdownHook]-org.springframework.scheduling.concurrent.ExecutorConfigurationSupport:218>>Shutting down ExecutorService 'applicationTaskExecutor'
2021-05-20-16:29:24.847 INFO [SpringContextShutdownHook]-com.alibaba.druid.pool.DruidDataSource:2029>>{dataSource-1} closing ...
2021-05-20-16:29:24.854 INFO [SpringContextShutdownHook]-com.alibaba.druid.pool.DruidDataSource:2101>>{dataSource-1} closed
2021-05-20-16:29:29.376 INFO [main]-org.springframework.boot.StartupInfoLogger:55>>Starting ApiApplication using Java 1.8.0 on LAPTOP-O3K4MK34 with PID 19032 (E:\Java2010\workspace\part4\fmmall\api\target\classes started by THEO in E:\Java2010\workspace\part4\fmmall)
2021-05-20-16:29:29.381 INFO [main]-org.springframework.boot.SpringApplication:662>>No active profile set, falling back to default profiles: default
2021-05-20-16:29:30.634 INFO [main]-org.springframework.data.repository.config.RepositoryConfigurationDelegate:250>>Multiple Spring Data modules found, entering strict repository configuration mode!
2021-05-20-16:29:30.637 INFO [main]-org.springframework.data.repository.config.RepositoryConfigurationDelegate:128>>Bootstrapping Spring Data Redis repositories in DEFAULT mode.
2021-05-20-16:29:30.733 INFO [main]-org.springframework.data.repository.config.RepositoryConfigurationDelegate:188>>Finished Spring Data repository scanning in 37 ms. Found 0 Redis repository interfaces.
2021-05-20-16:29:30.888 WARN [main]-org.mybatis.logging.Logger:44>>No MyBatis mapper was found in '[com.qfedu.fmmall]' package. Please check your configuration.
2021-05-20-16:29:31.393 INFO [main]-org.springframework.boot.web.embedded.tomcat.TomcatWebServer:108>>Tomcat initialized with port(s): 8080 (http)
2021-05-20-16:29:31.403 INFO [main]-org.apache.juli.logging.DirectJDKLog:173>>Initializing ProtocolHandler ["http-nio-8080"]
2021-05-20-16:29:31.404 INFO [main]-org.apache.juli.logging.DirectJDKLog:173>>Starting service [Tomcat]
2021-05-20-16:29:31.404 INFO [main]-org.apache.juli.logging.DirectJDKLog:173>>Starting Servlet engine: [Apache Tomcat/9.0.44]
2021-05-20-16:29:31.550 INFO [main]-org.apache.juli.logging.DirectJDKLog:173>>Initializing Spring embedded WebApplicationContext
2021-05-20-16:29:31.551 INFO [main]-org.springframework.boot.web.servlet.context.ServletWebServerApplicationContext:289>>Root WebApplicationContext: initialization completed in 2070 ms
2021-05-20-16:29:32.422 INFO [main]-com.alibaba.druid.spring.boot.autoconfigure.DruidDataSourceAutoConfigure:56>>Init DruidDataSource
2021-05-20-16:29:32.544 INFO [main]-com.alibaba.druid.pool.DruidDataSource:994>>{dataSource-1} inited
2021-05-20-16:29:33.909 INFO [main]-springfox.documentation.spring.web.PropertySourcedRequestMappingHandlerMapping:69>>Mapped URL path [/v2/api-docs] onto method [springfox.documentation.swagger2.web.Swagger2Controller#getDocumentation(String, HttpServletRequest)]
2021-05-20-16:29:34.009 INFO [main]-org.springframework.scheduling.concurrent.ExecutorConfigurationSupport:181>>Initializing ExecutorService 'applicationTaskExecutor'
2021-05-20-16:29:34.147 INFO [main]-tk.mybatis.mapper.autoconfigure.MapperCacheDisabler:60>>Clear tk.mybatis.mapper.util.MsUtil CLASS_CACHE cache.
2021-05-20-16:29:34.148 INFO [main]-tk.mybatis.mapper.autoconfigure.MapperCacheDisabler:60>>Clear tk.mybatis.mapper.genid.GenIdUtil CACHE cache.
2021-05-20-16:29:34.148 INFO [main]-tk.mybatis.mapper.autoconfigure.MapperCacheDisabler:60>>Clear tk.mybatis.mapper.version.VersionUtil CACHE cache.
2021-05-20-16:29:34.149 INFO [main]-tk.mybatis.mapper.autoconfigure.MapperCacheDisabler:83>>Clear EntityHelper entityTableMap cache.
2021-05-20-16:29:34.277 INFO [main]-org.quartz.impl.StdSchedulerFactory:1220>>Using default implementation for ThreadExecutor
2021-05-20-16:29:34.287 INFO [main]-org.quartz.core.SchedulerSignalerImpl:61>>Initialized Scheduler Signaller of type: class org.quartz.core.SchedulerSignalerImpl
2021-05-20-16:29:34.287 INFO [main]-org.quartz.core.QuartzScheduler:229>>Quartz Scheduler v.2.3.2 created.
2021-05-20-16:29:34.288 INFO [main]-org.quartz.simpl.RAMJobStore:155>>RAMJobStore initialized.
2021-05-20-16:29:34.288 INFO [main]-org.quartz.core.QuartzScheduler:294>>Scheduler meta-data: Quartz Scheduler (v2.3.2) 'quartzScheduler' with instanceId 'NON_CLUSTERED'
  Scheduler class: 'org.quartz.core.QuartzScheduler' - running locally.
  NOT STARTED.
  Currently in standby mode.
  Number of jobs executed: 0
  Using thread pool 'org.quartz.simpl.SimpleThreadPool' - with 10 threads.
  Using job-store 'org.quartz.simpl.RAMJobStore' - which does not support persistence. and is not clustered.

2021-05-20-16:29:34.288 INFO [main]-org.quartz.impl.StdSchedulerFactory:1374>>Quartz scheduler 'quartzScheduler' initialized from an externally provided properties instance.
2021-05-20-16:29:34.288 INFO [main]-org.quartz.impl.StdSchedulerFactory:1378>>Quartz scheduler version: 2.3.2
2021-05-20-16:29:34.289 INFO [main]-org.quartz.core.QuartzScheduler:2293>>JobFactory set to: org.springframework.scheduling.quartz.SpringBeanJobFactory@5c5f12e
2021-05-20-16:29:34.293 INFO [main]-org.springframework.scheduling.concurrent.ExecutorConfigurationSupport:181>>Initializing ExecutorService 'taskScheduler'
2021-05-20-16:29:34.336 INFO [main]-org.apache.juli.logging.DirectJDKLog:173>>Starting ProtocolHandler ["http-nio-8080"]
2021-05-20-16:29:34.355 INFO [main]-org.springframework.boot.web.embedded.tomcat.TomcatWebServer:220>>Tomcat started on port(s): 8080 (http) with context path ''
2021-05-20-16:29:34.356 INFO [main]-springfox.documentation.spring.web.plugins.DocumentationPluginsBootstrapper:160>>Context refreshed
2021-05-20-16:29:34.371 INFO [main]-springfox.documentation.spring.web.plugins.DocumentationPluginsBootstrapper:163>>Found 1 custom documentation plugin(s)
2021-05-20-16:29:34.407 INFO [main]-springfox.documentation.spring.web.scanners.ApiListingReferenceScanner:41>>Scanning for api listing references
2021-05-20-16:29:34.774 INFO [main]-springfox.documentation.spring.web.readers.operation.CachingOperationNameGenerator:40>>Generating unique operation named: listUsingGET_1
2021-05-20-16:29:34.791 INFO [main]-org.springframework.scheduling.quartz.SchedulerFactoryBean:727>>Starting Quartz Scheduler now
2021-05-20-16:29:34.792 INFO [main]-org.quartz.core.QuartzScheduler:547>>Scheduler quartzScheduler_$_NON_CLUSTERED started.
2021-05-20-16:29:34.804 INFO [main]-org.springframework.boot.StartupInfoLogger:61>>Started ApiApplication in 6.243 seconds (JVM running for 7.032)
2021-05-20-16:30:18.198 INFO [http-nio-8080-exec-2]-org.apache.juli.logging.DirectJDKLog:173>>Initializing Spring DispatcherServlet 'dispatcherServlet'
2021-05-20-16:30:18.198 INFO [http-nio-8080-exec-2]-org.springframework.web.servlet.FrameworkServlet:525>>Initializing Servlet 'dispatcherServlet'
2021-05-20-16:30:18.199 INFO [http-nio-8080-exec-2]-org.springframework.web.servlet.FrameworkServlet:547>>Completed initialization in 1 ms
2021-05-20-16:30:53.983 INFO [http-nio-8080-exec-5]-com.qfedu.fmmall.controller.UserController:38>>eyJhbGciOiJIUzI1NiJ9.eyJrZXkxIjoidmFsdWUxIiwia2V5MiI6InZhbHVlMiIsImV4cCI6MTYyMTU4NTg1M30.C-2Z9kSmhBL1ro0K8T2pRfUORDXJGfS1ERhm4PDHiHs
2021-05-20-16:35:21.576 INFO [http-nio-8080-exec-5]-com.qfedu.fmmall.controller.UserController:38>>eyJhbGciOiJIUzI1NiJ9.eyJrZXkxIjoidmFsdWUxIiwia2V5MiI6InZhbHVlMiIsImV4cCI6MTYyMTU4NjEyMX0.xJI8XuP-BZVBuUQwlDf2mhW-GEF9ltPpkgFEq4q6PKY
2021-05-20-16:49:17.279 INFO [SpringContextShutdownHook]-org.quartz.core.QuartzScheduler:585>>Scheduler quartzScheduler_$_NON_CLUSTERED paused.
2021-05-20-16:49:17.792 INFO [SpringContextShutdownHook]-org.springframework.scheduling.concurrent.ExecutorConfigurationSupport:218>>Shutting down ExecutorService 'taskScheduler'
2021-05-20-16:49:17.792 INFO [SpringContextShutdownHook]-org.springframework.scheduling.quartz.SchedulerFactoryBean:845>>Shutting down Quartz Scheduler
2021-05-20-16:49:17.792 INFO [SpringContextShutdownHook]-org.quartz.core.QuartzScheduler:666>>Scheduler quartzScheduler_$_NON_CLUSTERED shutting down.
2021-05-20-16:49:17.792 INFO [SpringContextShutdownHook]-org.quartz.core.QuartzScheduler:585>>Scheduler quartzScheduler_$_NON_CLUSTERED paused.
2021-05-20-16:49:17.793 INFO [SpringContextShutdownHook]-org.quartz.core.QuartzScheduler:740>>Scheduler quartzScheduler_$_NON_CLUSTERED shutdown complete.
2021-05-20-16:49:17.793 INFO [SpringContextShutdownHook]-org.springframework.scheduling.concurrent.ExecutorConfigurationSupport:218>>Shutting down ExecutorService 'applicationTaskExecutor'
2021-05-20-16:49:17.795 INFO [SpringContextShutdownHook]-com.alibaba.druid.pool.DruidDataSource:2029>>{dataSource-1} closing ...
2021-05-20-16:49:17.800 INFO [SpringContextShutdownHook]-com.alibaba.druid.pool.DruidDataSource:2101>>{dataSource-1} closed
