2021-05-23-22:21:36.922 INFO [main]-org.springframework.boot.StartupInfoLogger:55>>Starting ApiApplication using Java 1.8.0 on LAPTOP-O3K4MK34 with PID 23448 (E:\Java2010\workspace\part4\fmmall\api\target\classes started by THEO in E:\Java2010\workspace\part4\fmmall)
2021-05-23-22:21:36.925 INFO [main]-org.springframework.boot.SpringApplication:662>>No active profile set, falling back to default profiles: default
2021-05-23-22:21:38.632 INFO [main]-org.springframework.data.repository.config.RepositoryConfigurationDelegate:250>>Multiple Spring Data modules found, entering strict repository configuration mode!
2021-05-23-22:21:38.637 INFO [main]-org.springframework.data.repository.config.RepositoryConfigurationDelegate:128>>Bootstrapping Spring Data Redis repositories in DEFAULT mode.
2021-05-23-22:21:38.705 INFO [main]-org.springframework.data.repository.config.RepositoryConfigurationDelegate:188>>Finished Spring Data repository scanning in 47 ms. Found 0 Redis repository interfaces.
2021-05-23-22:21:39.041 WARN [main]-org.mybatis.logging.Logger:44>>No MyBatis mapper was found in '[com.qfedu.fmmall]' package. Please check your configuration.
2021-05-23-22:21:39.773 INFO [main]-org.springframework.boot.web.embedded.tomcat.TomcatWebServer:108>>Tomcat initialized with port(s): 8083 (http)
2021-05-23-22:21:39.789 INFO [main]-org.apache.juli.logging.DirectJDKLog:173>>Initializing ProtocolHandler ["http-nio-8083"]
2021-05-23-22:21:39.790 INFO [main]-org.apache.juli.logging.DirectJDKLog:173>>Starting service [Tomcat]
2021-05-23-22:21:39.790 INFO [main]-org.apache.juli.logging.DirectJDKLog:173>>Starting Servlet engine: [Apache Tomcat/9.0.44]
2021-05-23-22:21:39.965 INFO [main]-org.apache.juli.logging.DirectJDKLog:173>>Initializing Spring embedded WebApplicationContext
2021-05-23-22:21:39.966 INFO [main]-org.springframework.boot.web.servlet.context.ServletWebServerApplicationContext:289>>Root WebApplicationContext: initialization completed in 2956 ms
2021-05-23-22:21:41.247 INFO [main]-com.alibaba.druid.spring.boot.autoconfigure.DruidDataSourceAutoConfigure:56>>Init DruidDataSource
2021-05-23-22:21:41.446 INFO [main]-com.alibaba.druid.pool.DruidDataSource:994>>{dataSource-1} inited
2021-05-23-22:21:43.078 INFO [main]-org.redisson.Version:41>>Redisson 3.12.0
2021-05-23-22:21:46.733 INFO [redisson-netty-4-27]-org.redisson.connection.pool.ConnectionPool$1:168>>24 connections initialized for 47.96.11.185/47.96.11.185:6379
2021-05-23-22:21:46.733 INFO [redisson-netty-4-9]-org.redisson.connection.pool.ConnectionPool$1:168>>1 connections initialized for 47.96.11.185/47.96.11.185:6379
2021-05-23-22:21:48.214 INFO [main]-springfox.documentation.spring.web.PropertySourcedRequestMappingHandlerMapping:69>>Mapped URL path [/v2/api-docs] onto method [springfox.documentation.swagger2.web.Swagger2Controller#getDocumentation(String, HttpServletRequest)]
2021-05-23-22:21:48.448 INFO [main]-org.springframework.scheduling.concurrent.ExecutorConfigurationSupport:181>>Initializing ExecutorService 'applicationTaskExecutor'
2021-05-23-22:21:48.760 INFO [main]-tk.mybatis.mapper.autoconfigure.MapperCacheDisabler:60>>Clear tk.mybatis.mapper.util.MsUtil CLASS_CACHE cache.
2021-05-23-22:21:48.760 INFO [main]-tk.mybatis.mapper.autoconfigure.MapperCacheDisabler:60>>Clear tk.mybatis.mapper.genid.GenIdUtil CACHE cache.
2021-05-23-22:21:48.760 INFO [main]-tk.mybatis.mapper.autoconfigure.MapperCacheDisabler:60>>Clear tk.mybatis.mapper.version.VersionUtil CACHE cache.
2021-05-23-22:21:48.760 INFO [main]-tk.mybatis.mapper.autoconfigure.MapperCacheDisabler:83>>Clear EntityHelper entityTableMap cache.
2021-05-23-22:21:49.042 INFO [main]-org.quartz.impl.StdSchedulerFactory:1220>>Using default implementation for ThreadExecutor
2021-05-23-22:21:49.081 INFO [main]-org.quartz.core.SchedulerSignalerImpl:61>>Initialized Scheduler Signaller of type: class org.quartz.core.SchedulerSignalerImpl
2021-05-23-22:21:49.081 INFO [main]-org.quartz.core.QuartzScheduler:229>>Quartz Scheduler v.2.3.2 created.
2021-05-23-22:21:49.086 INFO [main]-org.quartz.simpl.RAMJobStore:155>>RAMJobStore initialized.
2021-05-23-22:21:49.086 INFO [main]-org.quartz.core.QuartzScheduler:294>>Scheduler meta-data: Quartz Scheduler (v2.3.2) 'quartzScheduler' with instanceId 'NON_CLUSTERED'
  Scheduler class: 'org.quartz.core.QuartzScheduler' - running locally.
  NOT STARTED.
  Currently in standby mode.
  Number of jobs executed: 0
  Using thread pool 'org.quartz.simpl.SimpleThreadPool' - with 10 threads.
  Using job-store 'org.quartz.simpl.RAMJobStore' - which does not support persistence. and is not clustered.

2021-05-23-22:21:49.086 INFO [main]-org.quartz.impl.StdSchedulerFactory:1374>>Quartz scheduler 'quartzScheduler' initialized from an externally provided properties instance.
2021-05-23-22:21:49.086 INFO [main]-org.quartz.impl.StdSchedulerFactory:1378>>Quartz scheduler version: 2.3.2
2021-05-23-22:21:49.086 INFO [main]-org.quartz.core.QuartzScheduler:2293>>JobFactory set to: org.springframework.scheduling.quartz.SpringBeanJobFactory@50d05167
2021-05-23-22:21:49.102 INFO [main]-org.springframework.scheduling.concurrent.ExecutorConfigurationSupport:181>>Initializing ExecutorService 'taskScheduler'
2021-05-23-22:21:49.214 INFO [main]-org.apache.juli.logging.DirectJDKLog:173>>Starting ProtocolHandler ["http-nio-8083"]
2021-05-23-22:21:49.252 INFO [main]-org.springframework.boot.web.embedded.tomcat.TomcatWebServer:220>>Tomcat started on port(s): 8083 (http) with context path ''
2021-05-23-22:21:49.252 INFO [main]-springfox.documentation.spring.web.plugins.DocumentationPluginsBootstrapper:160>>Context refreshed
2021-05-23-22:21:49.313 INFO [main]-springfox.documentation.spring.web.plugins.DocumentationPluginsBootstrapper:163>>Found 1 custom documentation plugin(s)
2021-05-23-22:21:49.881 INFO [main]-springfox.documentation.spring.web.scanners.ApiListingReferenceScanner:41>>Scanning for api listing references
2021-05-23-22:21:50.372 INFO [main]-springfox.documentation.spring.web.readers.operation.CachingOperationNameGenerator:40>>Generating unique operation named: listUsingGET_1
2021-05-23-22:21:50.426 INFO [main]-org.springframework.scheduling.quartz.SchedulerFactoryBean:727>>Starting Quartz Scheduler now
2021-05-23-22:21:50.426 INFO [main]-org.quartz.core.QuartzScheduler:547>>Scheduler quartzScheduler_$_NON_CLUSTERED started.
2021-05-23-22:21:50.463 INFO [main]-org.springframework.boot.StartupInfoLogger:61>>Started ApiApplication in 14.52 seconds (JVM running for 16.492)
2021-05-23-22:22:12.344 INFO [main]-org.springframework.boot.StartupInfoLogger:55>>Starting ApiApplication using Java 1.8.0 on LAPTOP-O3K4MK34 with PID 3576 (E:\Java2010\workspace\part4\fmmall\api\target\classes started by THEO in E:\Java2010\workspace\part4\fmmall)
2021-05-23-22:22:12.348 INFO [main]-org.springframework.boot.SpringApplication:662>>No active profile set, falling back to default profiles: default
2021-05-23-22:22:13.971 INFO [main]-org.springframework.data.repository.config.RepositoryConfigurationDelegate:250>>Multiple Spring Data modules found, entering strict repository configuration mode!
2021-05-23-22:22:13.974 INFO [main]-org.springframework.data.repository.config.RepositoryConfigurationDelegate:128>>Bootstrapping Spring Data Redis repositories in DEFAULT mode.
2021-05-23-22:22:14.035 INFO [main]-org.springframework.data.repository.config.RepositoryConfigurationDelegate:188>>Finished Spring Data repository scanning in 44 ms. Found 0 Redis repository interfaces.
2021-05-23-22:22:14.207 WARN [main]-org.mybatis.logging.Logger:44>>No MyBatis mapper was found in '[com.qfedu.fmmall]' package. Please check your configuration.
2021-05-23-22:22:14.955 INFO [main]-org.springframework.boot.web.embedded.tomcat.TomcatWebServer:108>>Tomcat initialized with port(s): 8080 (http)
2021-05-23-22:22:14.969 INFO [main]-org.apache.juli.logging.DirectJDKLog:173>>Initializing ProtocolHandler ["http-nio-8080"]
2021-05-23-22:22:14.970 INFO [main]-org.apache.juli.logging.DirectJDKLog:173>>Starting service [Tomcat]
2021-05-23-22:22:14.970 INFO [main]-org.apache.juli.logging.DirectJDKLog:173>>Starting Servlet engine: [Apache Tomcat/9.0.44]
2021-05-23-22:22:15.138 INFO [main]-org.apache.juli.logging.DirectJDKLog:173>>Initializing Spring embedded WebApplicationContext
2021-05-23-22:22:15.139 INFO [main]-org.springframework.boot.web.servlet.context.ServletWebServerApplicationContext:289>>Root WebApplicationContext: initialization completed in 2682 ms
2021-05-23-22:22:16.155 INFO [main]-com.alibaba.druid.spring.boot.autoconfigure.DruidDataSourceAutoConfigure:56>>Init DruidDataSource
2021-05-23-22:22:16.308 INFO [main]-com.alibaba.druid.pool.DruidDataSource:994>>{dataSource-1} inited
2021-05-23-22:22:16.914 INFO [SpringContextShutdownHook]-org.quartz.core.QuartzScheduler:585>>Scheduler quartzScheduler_$_NON_CLUSTERED paused.
2021-05-23-22:22:17.402 INFO [main]-org.redisson.Version:41>>Redisson 3.12.0
2021-05-23-22:22:17.555 INFO [SpringContextShutdownHook]-org.springframework.scheduling.concurrent.ExecutorConfigurationSupport:218>>Shutting down ExecutorService 'taskScheduler'
2021-05-23-22:22:17.556 INFO [SpringContextShutdownHook]-org.springframework.scheduling.quartz.SchedulerFactoryBean:845>>Shutting down Quartz Scheduler
2021-05-23-22:22:17.556 INFO [SpringContextShutdownHook]-org.quartz.core.QuartzScheduler:666>>Scheduler quartzScheduler_$_NON_CLUSTERED shutting down.
2021-05-23-22:22:17.556 INFO [SpringContextShutdownHook]-org.quartz.core.QuartzScheduler:585>>Scheduler quartzScheduler_$_NON_CLUSTERED paused.
2021-05-23-22:22:17.556 INFO [SpringContextShutdownHook]-org.quartz.core.QuartzScheduler:740>>Scheduler quartzScheduler_$_NON_CLUSTERED shutdown complete.
2021-05-23-22:22:17.557 INFO [SpringContextShutdownHook]-org.springframework.scheduling.concurrent.ExecutorConfigurationSupport:218>>Shutting down ExecutorService 'applicationTaskExecutor'
2021-05-23-22:22:17.772 INFO [SpringContextShutdownHook]-com.alibaba.druid.pool.DruidDataSource:2029>>{dataSource-1} closing ...
2021-05-23-22:22:17.779 INFO [SpringContextShutdownHook]-com.alibaba.druid.pool.DruidDataSource:2101>>{dataSource-1} closed
2021-05-23-22:22:20.685 INFO [redisson-netty-4-19]-org.redisson.connection.pool.ConnectionPool$1:168>>1 connections initialized for 47.96.11.185/47.96.11.185:6379
2021-05-23-22:22:20.685 INFO [redisson-netty-4-1]-org.redisson.connection.pool.ConnectionPool$1:168>>24 connections initialized for 47.96.11.185/47.96.11.185:6379
2021-05-23-22:22:21.351 INFO [main]-springfox.documentation.spring.web.PropertySourcedRequestMappingHandlerMapping:69>>Mapped URL path [/v2/api-docs] onto method [springfox.documentation.swagger2.web.Swagger2Controller#getDocumentation(String, HttpServletRequest)]
2021-05-23-22:22:21.459 INFO [main]-org.springframework.scheduling.concurrent.ExecutorConfigurationSupport:181>>Initializing ExecutorService 'applicationTaskExecutor'
2021-05-23-22:22:21.634 INFO [main]-tk.mybatis.mapper.autoconfigure.MapperCacheDisabler:60>>Clear tk.mybatis.mapper.util.MsUtil CLASS_CACHE cache.
2021-05-23-22:22:21.635 INFO [main]-tk.mybatis.mapper.autoconfigure.MapperCacheDisabler:60>>Clear tk.mybatis.mapper.genid.GenIdUtil CACHE cache.
2021-05-23-22:22:21.636 INFO [main]-tk.mybatis.mapper.autoconfigure.MapperCacheDisabler:60>>Clear tk.mybatis.mapper.version.VersionUtil CACHE cache.
2021-05-23-22:22:21.636 INFO [main]-tk.mybatis.mapper.autoconfigure.MapperCacheDisabler:83>>Clear EntityHelper entityTableMap cache.
2021-05-23-22:22:21.791 INFO [main]-org.quartz.impl.StdSchedulerFactory:1220>>Using default implementation for ThreadExecutor
2021-05-23-22:22:21.804 INFO [main]-org.quartz.core.SchedulerSignalerImpl:61>>Initialized Scheduler Signaller of type: class org.quartz.core.SchedulerSignalerImpl
2021-05-23-22:22:21.805 INFO [main]-org.quartz.core.QuartzScheduler:229>>Quartz Scheduler v.2.3.2 created.
2021-05-23-22:22:21.806 INFO [main]-org.quartz.simpl.RAMJobStore:155>>RAMJobStore initialized.
2021-05-23-22:22:21.807 INFO [main]-org.quartz.core.QuartzScheduler:294>>Scheduler meta-data: Quartz Scheduler (v2.3.2) 'quartzScheduler' with instanceId 'NON_CLUSTERED'
  Scheduler class: 'org.quartz.core.QuartzScheduler' - running locally.
  NOT STARTED.
  Currently in standby mode.
  Number of jobs executed: 0
  Using thread pool 'org.quartz.simpl.SimpleThreadPool' - with 10 threads.
  Using job-store 'org.quartz.simpl.RAMJobStore' - which does not support persistence. and is not clustered.

2021-05-23-22:22:21.807 INFO [main]-org.quartz.impl.StdSchedulerFactory:1374>>Quartz scheduler 'quartzScheduler' initialized from an externally provided properties instance.
2021-05-23-22:22:21.807 INFO [main]-org.quartz.impl.StdSchedulerFactory:1378>>Quartz scheduler version: 2.3.2
2021-05-23-22:22:21.807 INFO [main]-org.quartz.core.QuartzScheduler:2293>>JobFactory set to: org.springframework.scheduling.quartz.SpringBeanJobFactory@4eb73cc8
2021-05-23-22:22:21.813 INFO [main]-org.springframework.scheduling.concurrent.ExecutorConfigurationSupport:181>>Initializing ExecutorService 'taskScheduler'
2021-05-23-22:22:21.872 INFO [main]-org.apache.juli.logging.DirectJDKLog:173>>Starting ProtocolHandler ["http-nio-8080"]
2021-05-23-22:22:21.890 INFO [main]-org.springframework.boot.web.embedded.tomcat.TomcatWebServer:220>>Tomcat started on port(s): 8080 (http) with context path ''
2021-05-23-22:22:21.891 INFO [main]-springfox.documentation.spring.web.plugins.DocumentationPluginsBootstrapper:160>>Context refreshed
2021-05-23-22:22:21.912 INFO [main]-springfox.documentation.spring.web.plugins.DocumentationPluginsBootstrapper:163>>Found 1 custom documentation plugin(s)
2021-05-23-22:22:21.950 INFO [main]-springfox.documentation.spring.web.scanners.ApiListingReferenceScanner:41>>Scanning for api listing references
2021-05-23-22:22:22.146 INFO [main]-springfox.documentation.spring.web.readers.operation.CachingOperationNameGenerator:40>>Generating unique operation named: listUsingGET_1
2021-05-23-22:22:22.170 INFO [main]-org.springframework.scheduling.quartz.SchedulerFactoryBean:727>>Starting Quartz Scheduler now
2021-05-23-22:22:22.171 INFO [main]-org.quartz.core.QuartzScheduler:547>>Scheduler quartzScheduler_$_NON_CLUSTERED started.
2021-05-23-22:22:22.200 INFO [main]-org.springframework.boot.StartupInfoLogger:61>>Started ApiApplication in 10.764 seconds (JVM running for 11.699)
2021-05-23-22:25:54.945 INFO [http-nio-8080-exec-4]-org.apache.juli.logging.DirectJDKLog:173>>Initializing Spring DispatcherServlet 'dispatcherServlet'
2021-05-23-22:25:54.946 INFO [http-nio-8080-exec-4]-org.springframework.web.servlet.FrameworkServlet:525>>Initializing Servlet 'dispatcherServlet'
2021-05-23-22:25:54.947 INFO [http-nio-8080-exec-4]-org.springframework.web.servlet.FrameworkServlet:547>>Completed initialization in 1 ms
2021-05-23-22:26:12.593 INFO [http-nio-8080-exec-3]-com.qfedu.fmmall.controller.UserController:39>>eyJhbGciOiJIUzI1NiJ9.eyJrZXkxIjoidmFsdWUxIiwia2V5MiI6InZhbHVlMiIsImV4cCI6MTYyMTg2NjM3Mn0.Iy-dcs-q7COZzcCkrCcbAHkN6yVQZ9G5-4TDGofehZ8
2021-05-23-22:34:32.960 INFO [lettuce-eventExecutorLoop-1-4]-io.netty.util.internal.logging.AbstractInternalLogger:171>>Reconnecting, last destination was /47.96.11.185:6379
2021-05-23-22:34:37.592 INFO [lettuce-nioEventLoop-7-2]-io.lettuce.core.protocol.ReconnectionHandler:164>>Reconnected to 47.96.11.185:6379
2021-05-23-22:54:07.560 INFO [http-nio-8080-exec-5]-com.qfedu.fmmall.controller.UserController:39>>eyJhbGciOiJIUzI1NiJ9.eyJrZXkxIjoidmFsdWUxIiwia2V5MiI6InZhbHVlMiIsImV4cCI6MTYyMTg2ODA0N30.GT8N5ynOd_YHYPfZ0rcYFE616H0F20qtsFJdn-wXOSQ
